<?xml version="1.0" encoding="UTF-8"?>
<testsuite name="co.com.ceiba.CeibaEstacionamiento.modelTest.TipoVehiculoTest" tests="1" skipped="0" failures="0" errors="0" timestamp="2018-06-21T19:28:59" hostname="MARIA-MOLINA" time="0.004">
  <properties/>
  <testcase name="TipoVehiculoModel" classname="co.com.ceiba.CeibaEstacionamiento.modelTest.TipoVehiculoTest" time="0.004"/>
  <system-out><![CDATA[2018-06-21 14:28:59.145  INFO 15260 --- [    Test worker] .b.t.c.SpringBootTestContextBootstrapper : Neither @ContextConfiguration nor @ContextHierarchy found for test class [co.com.ceiba.CeibaEstacionamiento.modelTest.TipoVehiculoTest], using SpringBootContextLoader
2018-06-21 14:28:59.145  INFO 15260 --- [    Test worker] o.s.t.c.support.AbstractContextLoader    : Could not detect default resource locations for test class [co.com.ceiba.CeibaEstacionamiento.modelTest.TipoVehiculoTest]: no resource found for suffixes {-context.xml, Context.groovy}.
2018-06-21 14:28:59.146  INFO 15260 --- [    Test worker] t.c.s.AnnotationConfigContextLoaderUtils : Could not detect default configuration classes for test class [co.com.ceiba.CeibaEstacionamiento.modelTest.TipoVehiculoTest]: TipoVehiculoTest does not declare any static, non-private, non-final, nested classes annotated with @Configuration.
2018-06-21 14:28:59.153  INFO 15260 --- [    Test worker] .b.t.c.SpringBootTestContextBootstrapper : Found @SpringBootConfiguration co.com.ceiba.CeibaEstacionamiento.CeibaEstacionamientoApplication for test class co.com.ceiba.CeibaEstacionamiento.modelTest.TipoVehiculoTest
2018-06-21 14:28:59.156  INFO 15260 --- [    Test worker] .b.t.c.SpringBootTestContextBootstrapper : Loaded default TestExecutionListener class names from location [META-INF/spring.factories]: [org.springframework.boot.test.autoconfigure.restdocs.RestDocsTestExecutionListener, org.springframework.boot.test.autoconfigure.web.client.MockRestServiceServerResetTestExecutionListener, org.springframework.boot.test.autoconfigure.web.servlet.MockMvcPrintOnlyOnFailureTestExecutionListener, org.springframework.boot.test.autoconfigure.web.servlet.WebDriverTestExecutionListener, org.springframework.boot.test.mock.mockito.MockitoTestExecutionListener, org.springframework.boot.test.mock.mockito.ResetMocksTestExecutionListener, org.springframework.test.context.web.ServletTestExecutionListener, org.springframework.test.context.support.DirtiesContextBeforeModesTestExecutionListener, org.springframework.test.context.support.DependencyInjectionTestExecutionListener, org.springframework.test.context.support.DirtiesContextTestExecutionListener, org.springframework.test.context.transaction.TransactionalTestExecutionListener, org.springframework.test.context.jdbc.SqlScriptsTestExecutionListener]
2018-06-21 14:28:59.156  INFO 15260 --- [    Test worker] .b.t.c.SpringBootTestContextBootstrapper : Using TestExecutionListeners: [org.springframework.test.context.web.ServletTestExecutionListener@1033dda4, org.springframework.test.context.support.DirtiesContextBeforeModesTestExecutionListener@2feebda7, org.springframework.boot.test.mock.mockito.MockitoTestExecutionListener@44c785f3, org.springframework.boot.test.autoconfigure.SpringBootDependencyInjectionTestExecutionListener@318c8cb2, org.springframework.test.context.support.DirtiesContextTestExecutionListener@3fdcb9da, org.springframework.test.context.transaction.TransactionalTestExecutionListener@65053803, org.springframework.test.context.jdbc.SqlScriptsTestExecutionListener@1d15d14d, org.springframework.boot.test.autoconfigure.restdocs.RestDocsTestExecutionListener@48292741, org.springframework.boot.test.autoconfigure.web.client.MockRestServiceServerResetTestExecutionListener@12e145f7, org.springframework.boot.test.autoconfigure.web.servlet.MockMvcPrintOnlyOnFailureTestExecutionListener@5ee8a288, org.springframework.boot.test.autoconfigure.web.servlet.WebDriverTestExecutionListener@6dc49fa1, org.springframework.boot.test.mock.mockito.ResetMocksTestExecutionListener@6c56ae77]
]]></system-out>
  <system-err><![CDATA[]]></system-err>
</testsuite>
