<?xml version="1.0" encoding="UTF-8"?>
<testsuite name="co.com.ceiba.CeibaEstacionamiento.business.ImplTest.VehiculoBusinessImplTest" tests="3" skipped="0" failures="0" errors="0" timestamp="2018-07-04T20:56:08" hostname="MARIA-MOLINA" time="0.018">
  <properties/>
  <testcase name="permitirIngresoVehiculosConPlacaA" classname="co.com.ceiba.CeibaEstacionamiento.business.ImplTest.VehiculoBusinessImplTest" time="0.002"/>
  <testcase name="contarCarrosTest" classname="co.com.ceiba.CeibaEstacionamiento.business.ImplTest.VehiculoBusinessImplTest" time="0.016"/>
  <testcase name="contarCarrosMotos" classname="co.com.ceiba.CeibaEstacionamiento.business.ImplTest.VehiculoBusinessImplTest" time="0.0"/>
  <system-out><![CDATA[]]></system-out>
  <system-err><![CDATA[]]></system-err>
</testsuite>
