<?xml version="1.0" encoding="UTF-8"?>
<testsuite name="co.com.ceiba.CeibaEstacionamiento.CeibaEstacionamientoApplicationTests" tests="1" skipped="0" failures="0" errors="0" timestamp="2018-06-22T20:33:06" hostname="MARIA-MOLINA" time="0.002">
  <properties/>
  <testcase name="contextLoads" classname="co.com.ceiba.CeibaEstacionamiento.CeibaEstacionamientoApplicationTests" time="0.002"/>
  <system-out><![CDATA[]]></system-out>
  <system-err><![CDATA[]]></system-err>
</testsuite>
