<?xml version="1.0" encoding="UTF-8"?>
<testsuite name="co.com.ceiba.CeibaEstacionamiento.modelTest.TipoVehiculoModelTest" tests="1" skipped="0" failures="0" errors="0" timestamp="2018-06-25T19:52:09" hostname="MARIA-MOLINA" time="0.003">
  <properties/>
  <testcase name="TipoVehiculoModel" classname="co.com.ceiba.CeibaEstacionamiento.modelTest.TipoVehiculoModelTest" time="0.003"/>
  <system-out><![CDATA[]]></system-out>
  <system-err><![CDATA[]]></system-err>
</testsuite>
