<?xml version="1.0" encoding="UTF-8"?>
<testsuite name="co.com.ceiba.CeibaEstacionamiento.modelTest.EstacionamientoModelTest" tests="1" skipped="0" failures="0" errors="0" timestamp="2018-06-25T19:52:09" hostname="MARIA-MOLINA" time="0.006">
  <properties/>
  <testcase name="VehiculoTestModel" classname="co.com.ceiba.CeibaEstacionamiento.modelTest.EstacionamientoModelTest" time="0.006"/>
  <system-out><![CDATA[]]></system-out>
  <system-err><![CDATA[]]></system-err>
</testsuite>
