<?xml version="1.0" encoding="UTF-8"?>
<testsuite name="co.com.ceiba.CeibaEstacionamiento.business.ImplTest.VehiculoBusinessImplTest" tests="4" skipped="0" failures="0" errors="0" timestamp="2018-07-05T14:06:20" hostname="MARIA-MOLINA" time="0.788">
  <properties/>
  <testcase name="permitirIngresoVehiculosConPlacaA" classname="co.com.ceiba.CeibaEstacionamiento.business.ImplTest.VehiculoBusinessImplTest" time="0.765"/>
  <testcase name="contarCarrosTest" classname="co.com.ceiba.CeibaEstacionamiento.business.ImplTest.VehiculoBusinessImplTest" time="0.019"/>
  <testcase name="contarCarrosMotos" classname="co.com.ceiba.CeibaEstacionamiento.business.ImplTest.VehiculoBusinessImplTest" time="0.0"/>
  <testcase name="crearVehiculo" classname="co.com.ceiba.CeibaEstacionamiento.business.ImplTest.VehiculoBusinessImplTest" time="0.002"/>
  <system-out><![CDATA[]]></system-out>
  <system-err><![CDATA[]]></system-err>
</testsuite>
