<?xml version="1.0" encoding="UTF-8"?>
<testsuite name="co.com.ceiba.CeibaEstacionamiento.modelTest.EstacionamientoModelTest" tests="1" skipped="0" failures="0" errors="0" timestamp="2018-06-22T20:33:06" hostname="MARIA-MOLINA" time="0.004">
  <properties/>
  <testcase name="VehiculoTestModel" classname="co.com.ceiba.CeibaEstacionamiento.modelTest.EstacionamientoModelTest" time="0.004"/>
  <system-out><![CDATA[]]></system-out>
  <system-err><![CDATA[]]></system-err>
</testsuite>
