<?xml version="1.0" encoding="UTF-8"?>
<testsuite name="co.com.ceiba.CeibaEstacionamiento.CeibaEstacionamientoApplicationTests" tests="1" skipped="0" failures="0" errors="0" timestamp="2018-06-20T16:32:28" hostname="MARIA-MOLINA" time="0.001">
  <properties/>
  <testcase name="sum" classname="co.com.ceiba.CeibaEstacionamiento.CeibaEstacionamientoApplicationTests" time="0.001"/>
  <system-out><![CDATA[]]></system-out>
  <system-err><![CDATA[]]></system-err>
</testsuite>
