<?xml version="1.0" encoding="UTF-8"?>
<testsuite name="co.com.ceiba.CeibaEstacionamiento.modelTest.VehiculoModelTest" tests="1" skipped="0" failures="0" errors="0" timestamp="2018-07-05T14:06:24" hostname="MARIA-MOLINA" time="0.0">
  <properties/>
  <testcase name="VehiculoTestModel" classname="co.com.ceiba.CeibaEstacionamiento.modelTest.VehiculoModelTest" time="0.0"/>
  <system-out><![CDATA[]]></system-out>
  <system-err><![CDATA[]]></system-err>
</testsuite>
